[    1115ms] Error: Minified React error #418; visit https://react.dev/errors/418?args[]=text&args[]= for the full message or use the non-minified dev environment for full errors and additional helpful warnings.
    at rX (https://web-babun.vercel.app/_next/static/chunks/0mstyq17cbf8-.js:1:47213)
    at https://web-babun.vercel.app/_next/static/chunks/0mstyq17cbf8-.js:1:144190
    at sh (https://web-babun.vercel.app/_next/static/chunks/0mstyq17cbf8-.js:1:147755)
    at sd (https://web-babun.vercel.app/_next/static/chunks/0mstyq17cbf8-.js:1:139005)
    at https://web-babun.vercel.app/_next/static/chunks/0mstyq17cbf8-.js:1:133830
    at se (https://web-babun.vercel.app/_next/static/chunks/0mstyq17cbf8-.js:1:133931)
    at s$ (https://web-babun.vercel.app/_next/static/chunks/0mstyq17cbf8-.js:1:160495)
    at MessagePort.O (https://web-babun.vercel.app/_next/static/chunks/0mstyq17cbf8-.js:1:8660)
[    1213ms] [INFO] Banner not shown: beforeinstallpromptevent.preventDefault() called. The page must call beforeinstallpromptevent.prompt() to show the banner. @ https://web-babun.vercel.app/dashboard:0
[    2701ms] Error: Minified React error #418; visit https://react.dev/errors/418?args[]=text&args[]= for the full message or use the non-minified dev environment for full errors and additional helpful warnings.
    at rX (https://web-babun.vercel.app/_next/static/chunks/0mstyq17cbf8-.js:1:47213)
    at https://web-babun.vercel.app/_next/static/chunks/0mstyq17cbf8-.js:1:144190
    at sh (https://web-babun.vercel.app/_next/static/chunks/0mstyq17cbf8-.js:1:147755)
    at sd (https://web-babun.vercel.app/_next/static/chunks/0mstyq17cbf8-.js:1:139005)
    at https://web-babun.vercel.app/_next/static/chunks/0mstyq17cbf8-.js:1:133830
    at se (https://web-babun.vercel.app/_next/static/chunks/0mstyq17cbf8-.js:1:133931)
    at s$ (https://web-babun.vercel.app/_next/static/chunks/0mstyq17cbf8-.js:1:160495)
    at MessagePort.O (https://web-babun.vercel.app/_next/static/chunks/0mstyq17cbf8-.js:1:8660)
[    2830ms] [INFO] Banner not shown: beforeinstallpromptevent.preventDefault() called. The page must call beforeinstallpromptevent.prompt() to show the banner. @ https://web-babun.vercel.app/dashboard:0
[   38061ms] [ERROR] Unable to preventDefault inside passive event listener invocation. @ https://web-babun.vercel.app/_next/static/chunks/0mstyq17cbf8-.js:0
[   38079ms] [ERROR] Unable to preventDefault inside passive event listener invocation. @ https://web-babun.vercel.app/_next/static/chunks/0mstyq17cbf8-.js:0
[   38100ms] [ERROR] Unable to preventDefault inside passive event listener invocation. @ https://web-babun.vercel.app/_next/static/chunks/0mstyq17cbf8-.js:0
[   38118ms] [ERROR] Unable to preventDefault inside passive event listener invocation. @ https://web-babun.vercel.app/_next/static/chunks/0mstyq17cbf8-.js:0
[   38148ms] [ERROR] Unable to preventDefault inside passive event listener invocation. @ https://web-babun.vercel.app/_next/static/chunks/0mstyq17cbf8-.js:0
[   38167ms] [ERROR] Unable to preventDefault inside passive event listener invocation. @ https://web-babun.vercel.app/_next/static/chunks/0mstyq17cbf8-.js:0
[   38197ms] [ERROR] Unable to preventDefault inside passive event listener invocation. @ https://web-babun.vercel.app/_next/static/chunks/0mstyq17cbf8-.js:0
[   38216ms] [ERROR] Unable to preventDefault inside passive event listener invocation. @ https://web-babun.vercel.app/_next/static/chunks/0mstyq17cbf8-.js:0
[   38247ms] [ERROR] Unable to preventDefault inside passive event listener invocation. @ https://web-babun.vercel.app/_next/static/chunks/0mstyq17cbf8-.js:0
[   38265ms] [ERROR] Unable to preventDefault inside passive event listener invocation. @ https://web-babun.vercel.app/_next/static/chunks/0mstyq17cbf8-.js:0
