[     164ms] Error: Minified React error #418; visit https://react.dev/errors/418?args[]=text&args[]= for the full message or use the non-minified dev environment for full errors and additional helpful warnings.
    at rX (https://web-babun.vercel.app/_next/static/chunks/0mstyq17cbf8-.js:1:47213)
    at https://web-babun.vercel.app/_next/static/chunks/0mstyq17cbf8-.js:1:144190
    at sh (https://web-babun.vercel.app/_next/static/chunks/0mstyq17cbf8-.js:1:147755)
    at sd (https://web-babun.vercel.app/_next/static/chunks/0mstyq17cbf8-.js:1:139005)
    at https://web-babun.vercel.app/_next/static/chunks/0mstyq17cbf8-.js:1:133830
    at se (https://web-babun.vercel.app/_next/static/chunks/0mstyq17cbf8-.js:1:133931)
    at s$ (https://web-babun.vercel.app/_next/static/chunks/0mstyq17cbf8-.js:1:160495)
    at MessagePort.O (https://web-babun.vercel.app/_next/static/chunks/0mstyq17cbf8-.js:1:8660)
[     260ms] [INFO] Banner not shown: beforeinstallpromptevent.preventDefault() called. The page must call beforeinstallpromptevent.prompt() to show the banner. @ https://web-babun.vercel.app/dashboard:0
[     659ms] Error: Minified React error #418; visit https://react.dev/errors/418?args[]=text&args[]= for the full message or use the non-minified dev environment for full errors and additional helpful warnings.
    at rX (https://web-babun.vercel.app/_next/static/chunks/0mstyq17cbf8-.js:1:47213)
    at https://web-babun.vercel.app/_next/static/chunks/0mstyq17cbf8-.js:1:144190
    at sh (https://web-babun.vercel.app/_next/static/chunks/0mstyq17cbf8-.js:1:147755)
    at sd (https://web-babun.vercel.app/_next/static/chunks/0mstyq17cbf8-.js:1:139005)
    at https://web-babun.vercel.app/_next/static/chunks/0mstyq17cbf8-.js:1:133830
    at se (https://web-babun.vercel.app/_next/static/chunks/0mstyq17cbf8-.js:1:133931)
    at s$ (https://web-babun.vercel.app/_next/static/chunks/0mstyq17cbf8-.js:1:160495)
    at MessagePort.O (https://web-babun.vercel.app/_next/static/chunks/0mstyq17cbf8-.js:1:8660)
[     804ms] [INFO] Banner not shown: beforeinstallpromptevent.preventDefault() called. The page must call beforeinstallpromptevent.prompt() to show the banner. @ https://web-babun.vercel.app/dashboard:0
[   29231ms] [ERROR] Unable to preventDefault inside passive event listener invocation. @ https://web-babun.vercel.app/_next/static/chunks/0mstyq17cbf8-.js:0
[   29259ms] [ERROR] Unable to preventDefault inside passive event listener invocation. @ https://web-babun.vercel.app/_next/static/chunks/0mstyq17cbf8-.js:0
[   29276ms] [ERROR] Unable to preventDefault inside passive event listener invocation. @ https://web-babun.vercel.app/_next/static/chunks/0mstyq17cbf8-.js:0
[   29294ms] [ERROR] Unable to preventDefault inside passive event listener invocation. @ https://web-babun.vercel.app/_next/static/chunks/0mstyq17cbf8-.js:0
[   29325ms] [ERROR] Unable to preventDefault inside passive event listener invocation. @ https://web-babun.vercel.app/_next/static/chunks/0mstyq17cbf8-.js:0
[   29343ms] [ERROR] Unable to preventDefault inside passive event listener invocation. @ https://web-babun.vercel.app/_next/static/chunks/0mstyq17cbf8-.js:0
[   29360ms] [ERROR] Unable to preventDefault inside passive event listener invocation. @ https://web-babun.vercel.app/_next/static/chunks/0mstyq17cbf8-.js:0
[   29392ms] [ERROR] Unable to preventDefault inside passive event listener invocation. @ https://web-babun.vercel.app/_next/static/chunks/0mstyq17cbf8-.js:0
[   29410ms] [ERROR] Unable to preventDefault inside passive event listener invocation. @ https://web-babun.vercel.app/_next/static/chunks/0mstyq17cbf8-.js:0
[   29427ms] [ERROR] Unable to preventDefault inside passive event listener invocation. @ https://web-babun.vercel.app/_next/static/chunks/0mstyq17cbf8-.js:0
[   57596ms] [ERROR] Unable to preventDefault inside passive event listener invocation. @ https://web-babun.vercel.app/_next/static/chunks/0mstyq17cbf8-.js:0
[   57624ms] [ERROR] Unable to preventDefault inside passive event listener invocation. @ https://web-babun.vercel.app/_next/static/chunks/0mstyq17cbf8-.js:0
[   57642ms] [ERROR] Unable to preventDefault inside passive event listener invocation. @ https://web-babun.vercel.app/_next/static/chunks/0mstyq17cbf8-.js:0
[   57659ms] [ERROR] Unable to preventDefault inside passive event listener invocation. @ https://web-babun.vercel.app/_next/static/chunks/0mstyq17cbf8-.js:0
[   57675ms] [ERROR] Unable to preventDefault inside passive event listener invocation. @ https://web-babun.vercel.app/_next/static/chunks/0mstyq17cbf8-.js:0
[   57692ms] [ERROR] Unable to preventDefault inside passive event listener invocation. @ https://web-babun.vercel.app/_next/static/chunks/0mstyq17cbf8-.js:0
[   57709ms] [ERROR] Unable to preventDefault inside passive event listener invocation. @ https://web-babun.vercel.app/_next/static/chunks/0mstyq17cbf8-.js:0
[   57726ms] [ERROR] Unable to preventDefault inside passive event listener invocation. @ https://web-babun.vercel.app/_next/static/chunks/0mstyq17cbf8-.js:0
[   57749ms] [ERROR] Unable to preventDefault inside passive event listener invocation. @ https://web-babun.vercel.app/_next/static/chunks/0mstyq17cbf8-.js:0
[   57775ms] [ERROR] Unable to preventDefault inside passive event listener invocation. @ https://web-babun.vercel.app/_next/static/chunks/0mstyq17cbf8-.js:0
[   58196ms] [ERROR] Unable to preventDefault inside passive event listener invocation. @ https://web-babun.vercel.app/_next/static/chunks/0mstyq17cbf8-.js:0
[   58215ms] [ERROR] Unable to preventDefault inside passive event listener invocation. @ https://web-babun.vercel.app/_next/static/chunks/0mstyq17cbf8-.js:0
[   58232ms] [ERROR] Unable to preventDefault inside passive event listener invocation. @ https://web-babun.vercel.app/_next/static/chunks/0mstyq17cbf8-.js:0
[   58258ms] [ERROR] Unable to preventDefault inside passive event listener invocation. @ https://web-babun.vercel.app/_next/static/chunks/0mstyq17cbf8-.js:0
[   58275ms] [ERROR] Unable to preventDefault inside passive event listener invocation. @ https://web-babun.vercel.app/_next/static/chunks/0mstyq17cbf8-.js:0
[   58292ms] [ERROR] Unable to preventDefault inside passive event listener invocation. @ https://web-babun.vercel.app/_next/static/chunks/0mstyq17cbf8-.js:0
[   58309ms] [ERROR] Unable to preventDefault inside passive event listener invocation. @ https://web-babun.vercel.app/_next/static/chunks/0mstyq17cbf8-.js:0
[   58326ms] [ERROR] Unable to preventDefault inside passive event listener invocation. @ https://web-babun.vercel.app/_next/static/chunks/0mstyq17cbf8-.js:0
[   58358ms] [ERROR] Unable to preventDefault inside passive event listener invocation. @ https://web-babun.vercel.app/_next/static/chunks/0mstyq17cbf8-.js:0
[   58381ms] [ERROR] Unable to preventDefault inside passive event listener invocation. @ https://web-babun.vercel.app/_next/static/chunks/0mstyq17cbf8-.js:0
