[     809ms] [LOG] %c
▲

  ________            ___    ____   ________                __
 /_  __/ /_  ___     /   |  /  _/  / ____/ /___  __  ______/ /
  / / / __ \/ _ \   / /| |  / /   / /   / / __ \/ / / / __  /
 / / / / / /  __/  / ___ |_/ /   / /___/ / /_/ / /_/ / /_/ /
/_/ /_/ /_/\___/  /_/  |_/___/   \____/_/\____/\__,_/\__,_/
  

Hello!

- Open Source https://vercel.com/oss
- Careers https://vercel.com/careers
- Status https://vercel-status.com

 font-family: "Geist Mono", monospace; white-space: pre; line-height: 1; @ https://vercel.com/_next/static/chunks/1-oagafcmfq95.js?dpl=dpl_GXCoozJG7pzoTrvyZBYHsi1KRB6w:72
[    2539ms] [WARNING] [DEPRECATED] Use `createWithEqualityFn` instead of `create` or use `useStoreWithEqualityFn` instead of `useStore`. They can be imported from 'zustand/traditional'. https://github.com/pmndrs/zustand/discussions/1937 @ https://vercel.com/_next/static/chunks/38wsn_hrkgf63.js?dpl=dpl_GXCoozJG7pzoTrvyZBYHsi1KRB6w:1
[    2877ms] [ERROR] Failed to load resource: the server responded with a status of 403 () @ https://vercel.com/api/jwt:0
[    2991ms] [ERROR] Failed to load resource: the server responded with a status of 403 () @ https://vercel.com/api/v1/integrations/github/file-tree/giliuta/babun2?ref=&rootPath=&slug=&withUserCredentials=1:0
[    3041ms] [LOG] Ignored request error CustomFetchError: The request is missing an authentication token
    at S (https://vercel.com/_next/static/chunks/0nrt7tdx36xg2.js?dpl=dpl_GXCoozJG7pzoTrvyZBYHsi1KRB6w:2:21867)
    at async eJ (https://vercel.com/_next/static/chunks/2xliy_pepa05g.js?dpl=dpl_GXCoozJG7pzoTrvyZBYHsi1KRB6w:2:14356)
    at async revalidateOnReconnect (https://vercel.com/_next/static/chunks/2xliy_pepa05g.js?dpl=dpl_GXCoozJG7pzoTrvyZBYHsi1KRB6w:2:15070)
    at async https://vercel.com/_next/static/chunks/1dk4xed6tto70.js?dpl=dpl_GXCoozJG7pzoTrvyZBYHsi1KRB6w:2:11858 @ https://vercel.com/_next/static/chunks/1dnzv-hu2izi2.js?dpl=dpl_GXCoozJG7pzoTrvyZBYHsi1KRB6w:4
[    3109ms] [ERROR] VError: [dx/url] Failed to get URLSearchParams
    at https://vercel.com/_next/static/chunks/3f_2fwkv0ya1n.js?dpl=dpl_GXCoozJG7pzoTrvyZBYHsi1KRB6w:2:2958
    at https://vercel.com/_next/static/chunks/0k12cchc9nkja.js?dpl=dpl_GXCoozJG7pzoTrvyZBYHsi1KRB6w:2:14885
    at https://vercel.com/_next/static/chunks/0k12cchc9nkja.js?dpl=dpl_GXCoozJG7pzoTrvyZBYHsi1KRB6w:2:14905
    at https://vercel.com/_next/static/chunks/0k12cchc9nkja.js?dpl=dpl_GXCoozJG7pzoTrvyZBYHsi1KRB6w:2:15011
    at https://vercel.com/_next/static/chunks/0k12cchc9nkja.js?dpl=dpl_GXCoozJG7pzoTrvyZBYHsi1KRB6w:2:15053
    at ef (https://vercel.com/_next/static/chunks/0k12cchc9nkja.js?dpl=dpl_GXCoozJG7pzoTrvyZBYHsi1KRB6w:2:15546)
    at #n (https://vercel.com/_next/static/chunks/0k12cchc9nkja.js?dpl=dpl_GXCoozJG7pzoTrvyZBYHsi1KRB6w:5:130558)
    at _queue.enqueue.requiresReady (https://vercel.com/_next/static/chunks/0k12cchc9nkja.js?dpl=dpl_GXCoozJG7pzoTrvyZBYHsi1KRB6w:5:130417)
    at b.safeExecute (https://vercel.com/_next/static/chunks/0k12cchc9nkja.js?dpl=dpl_GXCoozJG7pzoTrvyZBYHsi1KRB6w:2:4342)
    at b.enqueue (https://vercel.com/_next/static/chunks/0k12cchc9nkja.js?dpl=dpl_GXCoozJG7pzoTrvyZBYHsi1KRB6w:2:3855) @ https://vercel.com/_next/static/chunks/0k12cchc9nkja.js?dpl=dpl_GXCoozJG7pzoTrvyZBYHsi1KRB6w:1
[    3313ms] [WARNING] Deprecated API for given entry type. @ https://vercel.com/_next/static/chunks/3ztv00wviognb.js?dpl=dpl_GXCoozJG7pzoTrvyZBYHsi1KRB6w:18
[    9667ms] [WARNING] The resource https://vercel.com/_next/static/media/ebay-dark.34mho2a18qqlt.svg?dpl=dpl_GXCoozJG7pzoTrvyZBYHsi1KRB6w was preloaded using link preload but not used within a few seconds from the window's load event. Please make sure it has an appropriate `as` value and it is preloaded intentionally. @ https://vercel.com/new/import?s=https://github.com/giliuta/babun2&root-directory=babun-crm/apps/web:0
[    9667ms] [WARNING] The resource https://vercel.com/_next/static/chunks/1dauoccxptplq.css?dpl=dpl_GXCoozJG7pzoTrvyZBYHsi1KRB6w was preloaded using link preload but not used within a few seconds from the window's load event. Please make sure it has an appropriate `as` value and it is preloaded intentionally. @ https://vercel.com/new/import?s=https://github.com/giliuta/babun2&root-directory=babun-crm/apps/web:0
[    9667ms] [WARNING] The resource https://vercel.com/_next/static/media/ebay-light.3ft_ki8203ov0.svg?dpl=dpl_GXCoozJG7pzoTrvyZBYHsi1KRB6w was preloaded using link preload but not used within a few seconds from the window's load event. Please make sure it has an appropriate `as` value and it is preloaded intentionally. @ https://vercel.com/new/import?s=https://github.com/giliuta/babun2&root-directory=babun-crm/apps/web:0
[    9667ms] [WARNING] The resource https://vercel.com/_next/static/chunks/2wrkipn0emqw4.css?dpl=dpl_GXCoozJG7pzoTrvyZBYHsi1KRB6w was preloaded using link preload but not used within a few seconds from the window's load event. Please make sure it has an appropriate `as` value and it is preloaded intentionally. @ https://vercel.com/new/import?s=https://github.com/giliuta/babun2&root-directory=babun-crm/apps/web:0
[    9667ms] [WARNING] The resource https://vercel.com/_next/static/media/stripe-dark.16ozjth2vgb_3.svg?dpl=dpl_GXCoozJG7pzoTrvyZBYHsi1KRB6w was preloaded using link preload but not used within a few seconds from the window's load event. Please make sure it has an appropriate `as` value and it is preloaded intentionally. @ https://vercel.com/new/import?s=https://github.com/giliuta/babun2&root-directory=babun-crm/apps/web:0
[    9667ms] [WARNING] The resource https://vercel.com/_next/static/chunks/30hhiu4y8vbj1.css?dpl=dpl_GXCoozJG7pzoTrvyZBYHsi1KRB6w was preloaded using link preload but not used within a few seconds from the window's load event. Please make sure it has an appropriate `as` value and it is preloaded intentionally. @ https://vercel.com/new/import?s=https://github.com/giliuta/babun2&root-directory=babun-crm/apps/web:0
[    9667ms] [WARNING] The resource https://vercel.com/_next/static/media/stripe-light.2l_1jctpe6k_4.svg?dpl=dpl_GXCoozJG7pzoTrvyZBYHsi1KRB6w was preloaded using link preload but not used within a few seconds from the window's load event. Please make sure it has an appropriate `as` value and it is preloaded intentionally. @ https://vercel.com/new/import?s=https://github.com/giliuta/babun2&root-directory=babun-crm/apps/web:0
[    9667ms] [WARNING] The resource https://vercel.com/_next/static/media/adobe-light.406_7oryl71va.svg?dpl=dpl_GXCoozJG7pzoTrvyZBYHsi1KRB6w was preloaded using link preload but not used within a few seconds from the window's load event. Please make sure it has an appropriate `as` value and it is preloaded intentionally. @ https://vercel.com/new/import?s=https://github.com/giliuta/babun2&root-directory=babun-crm/apps/web:0
[   13269ms] [ERROR] Failed to load resource: the server responded with a status of 403 () @ https://vercel.com/api/v1/integrations/github/file-tree/giliuta/babun2?ref=&rootPath=&slug=&withUserCredentials=1:0
[   13274ms] [LOG] Ignored request error CustomFetchError: The request is missing an authentication token
    at S (https://vercel.com/_next/static/chunks/0nrt7tdx36xg2.js?dpl=dpl_GXCoozJG7pzoTrvyZBYHsi1KRB6w:2:21867)
    at async eJ (https://vercel.com/_next/static/chunks/2xliy_pepa05g.js?dpl=dpl_GXCoozJG7pzoTrvyZBYHsi1KRB6w:2:14356)
    at async revalidateOnReconnect (https://vercel.com/_next/static/chunks/2xliy_pepa05g.js?dpl=dpl_GXCoozJG7pzoTrvyZBYHsi1KRB6w:2:15070)
    at async https://vercel.com/_next/static/chunks/1dk4xed6tto70.js?dpl=dpl_GXCoozJG7pzoTrvyZBYHsi1KRB6w:2:11858 @ https://vercel.com/_next/static/chunks/3ztv00wviognb.js?dpl=dpl_GXCoozJG7pzoTrvyZBYHsi1KRB6w:16
[   18339ms] [WARNING] The resource https://vercel.com/_next/static/media/ebay-dark.34mho2a18qqlt.svg?dpl=dpl_GXCoozJG7pzoTrvyZBYHsi1KRB6w was preloaded using link preload but not used within a few seconds from the window's load event. Please make sure it has an appropriate `as` value and it is preloaded intentionally. @ https://vercel.com/new/import?s=https://github.com/giliuta/babun2&root-directory=babun-crm/apps/web:0
[   18339ms] [WARNING] The resource https://vercel.com/_next/static/chunks/1dauoccxptplq.css?dpl=dpl_GXCoozJG7pzoTrvyZBYHsi1KRB6w was preloaded using link preload but not used within a few seconds from the window's load event. Please make sure it has an appropriate `as` value and it is preloaded intentionally. @ https://vercel.com/new/import?s=https://github.com/giliuta/babun2&root-directory=babun-crm/apps/web:0
[   18339ms] [WARNING] The resource https://vercel.com/_next/static/media/ebay-light.3ft_ki8203ov0.svg?dpl=dpl_GXCoozJG7pzoTrvyZBYHsi1KRB6w was preloaded using link preload but not used within a few seconds from the window's load event. Please make sure it has an appropriate `as` value and it is preloaded intentionally. @ https://vercel.com/new/import?s=https://github.com/giliuta/babun2&root-directory=babun-crm/apps/web:0
[   18340ms] [WARNING] The resource https://vercel.com/_next/static/chunks/2wrkipn0emqw4.css?dpl=dpl_GXCoozJG7pzoTrvyZBYHsi1KRB6w was preloaded using link preload but not used within a few seconds from the window's load event. Please make sure it has an appropriate `as` value and it is preloaded intentionally. @ https://vercel.com/new/import?s=https://github.com/giliuta/babun2&root-directory=babun-crm/apps/web:0
[   18340ms] [WARNING] The resource https://vercel.com/_next/static/media/stripe-dark.16ozjth2vgb_3.svg?dpl=dpl_GXCoozJG7pzoTrvyZBYHsi1KRB6w was preloaded using link preload but not used within a few seconds from the window's load event. Please make sure it has an appropriate `as` value and it is preloaded intentionally. @ https://vercel.com/new/import?s=https://github.com/giliuta/babun2&root-directory=babun-crm/apps/web:0
[   18340ms] [WARNING] The resource https://vercel.com/_next/static/chunks/30hhiu4y8vbj1.css?dpl=dpl_GXCoozJG7pzoTrvyZBYHsi1KRB6w was preloaded using link preload but not used within a few seconds from the window's load event. Please make sure it has an appropriate `as` value and it is preloaded intentionally. @ https://vercel.com/new/import?s=https://github.com/giliuta/babun2&root-directory=babun-crm/apps/web:0
[   18340ms] [WARNING] The resource https://vercel.com/_next/static/media/stripe-light.2l_1jctpe6k_4.svg?dpl=dpl_GXCoozJG7pzoTrvyZBYHsi1KRB6w was preloaded using link preload but not used within a few seconds from the window's load event. Please make sure it has an appropriate `as` value and it is preloaded intentionally. @ https://vercel.com/new/import?s=https://github.com/giliuta/babun2&root-directory=babun-crm/apps/web:0
[   18340ms] [WARNING] The resource https://vercel.com/_next/static/media/adobe-light.406_7oryl71va.svg?dpl=dpl_GXCoozJG7pzoTrvyZBYHsi1KRB6w was preloaded using link preload but not used within a few seconds from the window's load event. Please make sure it has an appropriate `as` value and it is preloaded intentionally. @ https://vercel.com/new/import?s=https://github.com/giliuta/babun2&root-directory=babun-crm/apps/web:0
[   25348ms] [WARNING] The resource https://vercel.com/_next/static/media/caa3a2e1cccd8315.p.400zotvijr2rn.woff2?dpl=dpl_GXCoozJG7pzoTrvyZBYHsi1KRB6w was preloaded using link preload but not used within a few seconds from the window's load event. Please make sure it has an appropriate `as` value and it is preloaded intentionally. @ https://vercel.com/new/import?s=https://github.com/giliuta/babun2&root-directory=babun-crm/apps/web:0
[   25348ms] [WARNING] The resource https://vercel.com/_next/static/media/ebay-dark.34mho2a18qqlt.svg?dpl=dpl_GXCoozJG7pzoTrvyZBYHsi1KRB6w was preloaded using link preload but not used within a few seconds from the window's load event. Please make sure it has an appropriate `as` value and it is preloaded intentionally. @ https://vercel.com/new/import?s=https://github.com/giliuta/babun2&root-directory=babun-crm/apps/web:0
[   25348ms] [WARNING] The resource https://vercel.com/_next/static/chunks/1dauoccxptplq.css?dpl=dpl_GXCoozJG7pzoTrvyZBYHsi1KRB6w was preloaded using link preload but not used within a few seconds from the window's load event. Please make sure it has an appropriate `as` value and it is preloaded intentionally. @ https://vercel.com/new/import?s=https://github.com/giliuta/babun2&root-directory=babun-crm/apps/web:0
[   25348ms] [WARNING] The resource https://vercel.com/_next/static/media/797e433ab948586e.p.3f30ggp2vw8zj.woff2?dpl=dpl_GXCoozJG7pzoTrvyZBYHsi1KRB6w was preloaded using link preload but not used within a few seconds from the window's load event. Please make sure it has an appropriate `as` value and it is preloaded intentionally. @ https://vercel.com/new/import?s=https://github.com/giliuta/babun2&root-directory=babun-crm/apps/web:0
[   25348ms] [WARNING] The resource https://vercel.com/_next/static/media/ebay-light.3ft_ki8203ov0.svg?dpl=dpl_GXCoozJG7pzoTrvyZBYHsi1KRB6w was preloaded using link preload but not used within a few seconds from the window's load event. Please make sure it has an appropriate `as` value and it is preloaded intentionally. @ https://vercel.com/new/import?s=https://github.com/giliuta/babun2&root-directory=babun-crm/apps/web:0
[   25348ms] [WARNING] The resource https://vercel.com/_next/static/chunks/2wrkipn0emqw4.css?dpl=dpl_GXCoozJG7pzoTrvyZBYHsi1KRB6w was preloaded using link preload but not used within a few seconds from the window's load event. Please make sure it has an appropriate `as` value and it is preloaded intentionally. @ https://vercel.com/new/import?s=https://github.com/giliuta/babun2&root-directory=babun-crm/apps/web:0
[   25348ms] [WARNING] The resource https://vercel.com/_next/static/chunks/075vpnu2qiws7.css?dpl=dpl_GXCoozJG7pzoTrvyZBYHsi1KRB6w was preloaded using link preload but not used within a few seconds from the window's load event. Please make sure it has an appropriate `as` value and it is preloaded intentionally. @ https://vercel.com/new/import?s=https://github.com/giliuta/babun2&root-directory=babun-crm/apps/web:0
[   25348ms] [WARNING] The resource https://vercel.com/_next/static/media/stripe-dark.16ozjth2vgb_3.svg?dpl=dpl_GXCoozJG7pzoTrvyZBYHsi1KRB6w was preloaded using link preload but not used within a few seconds from the window's load event. Please make sure it has an appropriate `as` value and it is preloaded intentionally. @ https://vercel.com/new/import?s=https://github.com/giliuta/babun2&root-directory=babun-crm/apps/web:0
[   25348ms] [WARNING] The resource https://vercel.com/_next/static/chunks/30hhiu4y8vbj1.css?dpl=dpl_GXCoozJG7pzoTrvyZBYHsi1KRB6w was preloaded using link preload but not used within a few seconds from the window's load event. Please make sure it has an appropriate `as` value and it is preloaded intentionally. @ https://vercel.com/new/import?s=https://github.com/giliuta/babun2&root-directory=babun-crm/apps/web:0
[   25348ms] [WARNING] The resource https://vercel.com/_next/static/media/stripe-light.2l_1jctpe6k_4.svg?dpl=dpl_GXCoozJG7pzoTrvyZBYHsi1KRB6w was preloaded using link preload but not used within a few seconds from the window's load event. Please make sure it has an appropriate `as` value and it is preloaded intentionally. @ https://vercel.com/new/import?s=https://github.com/giliuta/babun2&root-directory=babun-crm/apps/web:0
[   25348ms] [WARNING] The resource https://vercel.com/_next/static/media/adobe-light.406_7oryl71va.svg?dpl=dpl_GXCoozJG7pzoTrvyZBYHsi1KRB6w was preloaded using link preload but not used within a few seconds from the window's load event. Please make sure it has an appropriate `as` value and it is preloaded intentionally. @ https://vercel.com/new/import?s=https://github.com/giliuta/babun2&root-directory=babun-crm/apps/web:0
[   29321ms] [WARNING] [GSI_LOGGER]: Your client application uses one of the Google One Tap prompt UI status methods that may stop functioning when FedCM becomes mandatory. Refer to the migration guide to update your code accordingly and opt-in to FedCM to test your changes. Learn more: https://developers.google.com/identity/gsi/web/guides/fedcm-migration?s=dc#display_moment and https://developers.google.com/identity/gsi/web/guides/fedcm-migration?s=dc#skipped_moment @ https://vercel.com/_next/static/chunks/3ztv00wviognb.js?dpl=dpl_GXCoozJG7pzoTrvyZBYHsi1KRB6w:16
[   29712ms] [ERROR] The request has been aborted. @ https://vercel.com/login?next=%2Fnew%2Fimport%3Fs%3Dhttps%253A%252F%252Fgithub.com%252Fgiliuta%252Fbabun2%26root-directory%3Dbabun-crm%252Fapps%252Fweb:0
[   29714ms] [ERROR] [GSI_LOGGER]: FedCM get() rejects with AbortError: signal is aborted without reason @ https://vercel.com/_next/static/chunks/2y--xxzzqoet3.js?dpl=dpl_GXCoozJG7pzoTrvyZBYHsi1KRB6w:2
[   37186ms] [LOG] %c
▲

    ________   _ __ _          ____           __
   /  _/ __/  (_) /( )_____   / __/___ ______/ /_
   / // /_   / / __/// ___/  / /_/ __ `/ ___/ __/
 _/ // __/  / / /_  (__  )  / __/ /_/ (__  ) /_
/___/_/    /_/\__/ /____/  /_/  \__,_/____/\__/
    _ __ _                         _    __                    __
   (_) /( )_____   ____  ____     | |  / /__  _____________  / /
  / / __/// ___/  / __ \/ __ \    | | / / _ \/ ___/ ___/ _ \/ /
 / / /_  (__  )  / /_/ / / / /    | |/ /  __/ /  / /__/  __/ /
/_/\__/ /____/   \____/_/ /_/     |___/\___/_/   \___/\___/_/
  

Hello!

- Open Source https://vercel.com/oss
- Careers https://vercel.com/careers
- Status https://vercel-status.com

 font-family: "Geist Mono", monospace; white-space: pre; line-height: 1; @ https://vercel.com/_next/static/chunks/1bs8h_v41y-z_.js?dpl=dpl_GXCoozJG7pzoTrvyZBYHsi1KRB6w:72
[   37660ms] [WARNING] Deprecated API for given entry type. @ https://vercel.com/_next/static/chunks/15-ctvgk2qmj0.js?dpl=dpl_GXCoozJG7pzoTrvyZBYHsi1KRB6w:18
[   37713ms] [ERROR] Failed to load resource: the server responded with a status of 403 () @ https://vercel.com/api/jwt:0
[   39253ms] [LOG] %c
▲

    ____                               _ __
   / __ \________  ____ _____ ___     (_) /_
  / / / / ___/ _ \/ __ `/ __ `__ \   / / __/
 / /_/ / /  /  __/ /_/ / / / / / /  / / /__
/_____/_/   \___/\__,_/_/ /_/ /_/  /_/\__( )
   _____ __    _          _ __           |/
  / ___// /_  (_)___     (_) /_
  \__ \/ __ \/ / __ \   / / __/
 ___/ / / / / / /_/ /  / / /_
/____/_/ /_/_/ .___/  /_/\__/
            /_/
  

Hello!

- Open Source https://vercel.com/oss
- Careers https://vercel.com/careers
- Status https://vercel-status.com

 font-family: "Geist Mono", monospace; white-space: pre; line-height: 1; @ https://vercel.com/_next/static/chunks/1-oagafcmfq95.js?dpl=dpl_GXCoozJG7pzoTrvyZBYHsi1KRB6w:72
[   39845ms] [WARNING] Deprecated API for given entry type. @ https://vercel.com/_next/static/chunks/3ztv00wviognb.js?dpl=dpl_GXCoozJG7pzoTrvyZBYHsi1KRB6w:18
[   40103ms] [WARNING] [DEPRECATED] Use `createWithEqualityFn` instead of `create` or use `useStoreWithEqualityFn` instead of `useStore`. They can be imported from 'zustand/traditional'. https://github.com/pmndrs/zustand/discussions/1937 @ https://vercel.com/_next/static/chunks/3ztv00wviognb.js?dpl=dpl_GXCoozJG7pzoTrvyZBYHsi1KRB6w:16
[   48718ms] [WARNING] The resource https://vercel.com/_next/static/chunks/2-s_ri_e770gz.css?dpl=dpl_GXCoozJG7pzoTrvyZBYHsi1KRB6w was preloaded using link preload but not used within a few seconds from the window's load event. Please make sure it has an appropriate `as` value and it is preloaded intentionally. @ https://vercel.com/new/import?s=https%3A%2F%2Fgithub.com%2Fgiliuta%2Fbabun2&root-directory=babun-crm%2Fapps%2Fweb&teamSlug=babun:0
[   48718ms] [WARNING] The resource https://vercel.com/_next/static/chunks/0c36-mxv85lst.css?dpl=dpl_GXCoozJG7pzoTrvyZBYHsi1KRB6w was preloaded using link preload but not used within a few seconds from the window's load event. Please make sure it has an appropriate `as` value and it is preloaded intentionally. @ https://vercel.com/new/import?s=https%3A%2F%2Fgithub.com%2Fgiliuta%2Fbabun2&root-directory=babun-crm%2Fapps%2Fweb&teamSlug=babun:0
[   48718ms] [WARNING] The resource https://vercel.com/_next/static/chunks/1dauoccxptplq.css?dpl=dpl_GXCoozJG7pzoTrvyZBYHsi1KRB6w was preloaded using link preload but not used within a few seconds from the window's load event. Please make sure it has an appropriate `as` value and it is preloaded intentionally. @ https://vercel.com/new/import?s=https%3A%2F%2Fgithub.com%2Fgiliuta%2Fbabun2&root-directory=babun-crm%2Fapps%2Fweb&teamSlug=babun:0
[   48718ms] [WARNING] The resource https://vercel.com/_next/static/chunks/2jah7ys_ll0uu.css?dpl=dpl_GXCoozJG7pzoTrvyZBYHsi1KRB6w was preloaded using link preload but not used within a few seconds from the window's load event. Please make sure it has an appropriate `as` value and it is preloaded intentionally. @ https://vercel.com/new/import?s=https%3A%2F%2Fgithub.com%2Fgiliuta%2Fbabun2&root-directory=babun-crm%2Fapps%2Fweb&teamSlug=babun:0
[   48718ms] [WARNING] The resource https://vercel.com/_next/static/chunks/15z6hqmqioxmw.css?dpl=dpl_GXCoozJG7pzoTrvyZBYHsi1KRB6w was preloaded using link preload but not used within a few seconds from the window's load event. Please make sure it has an appropriate `as` value and it is preloaded intentionally. @ https://vercel.com/new/import?s=https%3A%2F%2Fgithub.com%2Fgiliuta%2Fbabun2&root-directory=babun-crm%2Fapps%2Fweb&teamSlug=babun:0
[   48718ms] [WARNING] The resource https://vercel.com/_next/static/chunks/404kbaq145khw.css?dpl=dpl_GXCoozJG7pzoTrvyZBYHsi1KRB6w was preloaded using link preload but not used within a few seconds from the window's load event. Please make sure it has an appropriate `as` value and it is preloaded intentionally. @ https://vercel.com/new/import?s=https%3A%2F%2Fgithub.com%2Fgiliuta%2Fbabun2&root-directory=babun-crm%2Fapps%2Fweb&teamSlug=babun:0
[   57402ms] [WARNING] The resource https://vercel.com/_next/static/chunks/2-s_ri_e770gz.css?dpl=dpl_GXCoozJG7pzoTrvyZBYHsi1KRB6w was preloaded using link preload but not used within a few seconds from the window's load event. Please make sure it has an appropriate `as` value and it is preloaded intentionally. @ https://vercel.com/new/import?s=https%3A%2F%2Fgithub.com%2Fgiliuta%2Fbabun2&root-directory=babun-crm%2Fapps%2Fweb&teamSlug=babun:0
[   57403ms] [WARNING] The resource https://vercel.com/_next/static/chunks/0c36-mxv85lst.css?dpl=dpl_GXCoozJG7pzoTrvyZBYHsi1KRB6w was preloaded using link preload but not used within a few seconds from the window's load event. Please make sure it has an appropriate `as` value and it is preloaded intentionally. @ https://vercel.com/new/import?s=https%3A%2F%2Fgithub.com%2Fgiliuta%2Fbabun2&root-directory=babun-crm%2Fapps%2Fweb&teamSlug=babun:0
[   57403ms] [WARNING] The resource https://vercel.com/_next/static/chunks/1dauoccxptplq.css?dpl=dpl_GXCoozJG7pzoTrvyZBYHsi1KRB6w was preloaded using link preload but not used within a few seconds from the window's load event. Please make sure it has an appropriate `as` value and it is preloaded intentionally. @ https://vercel.com/new/import?s=https%3A%2F%2Fgithub.com%2Fgiliuta%2Fbabun2&root-directory=babun-crm%2Fapps%2Fweb&teamSlug=babun:0
[   57403ms] [WARNING] The resource https://vercel.com/_next/static/chunks/2jah7ys_ll0uu.css?dpl=dpl_GXCoozJG7pzoTrvyZBYHsi1KRB6w was preloaded using link preload but not used within a few seconds from the window's load event. Please make sure it has an appropriate `as` value and it is preloaded intentionally. @ https://vercel.com/new/import?s=https%3A%2F%2Fgithub.com%2Fgiliuta%2Fbabun2&root-directory=babun-crm%2Fapps%2Fweb&teamSlug=babun:0
[   57403ms] [WARNING] The resource https://vercel.com/_next/static/chunks/15z6hqmqioxmw.css?dpl=dpl_GXCoozJG7pzoTrvyZBYHsi1KRB6w was preloaded using link preload but not used within a few seconds from the window's load event. Please make sure it has an appropriate `as` value and it is preloaded intentionally. @ https://vercel.com/new/import?s=https%3A%2F%2Fgithub.com%2Fgiliuta%2Fbabun2&root-directory=babun-crm%2Fapps%2Fweb&teamSlug=babun:0
[   57403ms] [WARNING] The resource https://vercel.com/_next/static/chunks/404kbaq145khw.css?dpl=dpl_GXCoozJG7pzoTrvyZBYHsi1KRB6w was preloaded using link preload but not used within a few seconds from the window's load event. Please make sure it has an appropriate `as` value and it is preloaded intentionally. @ https://vercel.com/new/import?s=https%3A%2F%2Fgithub.com%2Fgiliuta%2Fbabun2&root-directory=babun-crm%2Fapps%2Fweb&teamSlug=babun:0
[   65095ms] [WARNING] The resource https://vercel.com/_next/static/chunks/2-s_ri_e770gz.css?dpl=dpl_GXCoozJG7pzoTrvyZBYHsi1KRB6w was preloaded using link preload but not used within a few seconds from the window's load event. Please make sure it has an appropriate `as` value and it is preloaded intentionally. @ https://vercel.com/new/import?s=https%3A%2F%2Fgithub.com%2Fgiliuta%2Fbabun2&root-directory=babun-crm%2Fapps%2Fweb&teamSlug=babun:0
[   65095ms] [WARNING] The resource https://vercel.com/_next/static/chunks/0c36-mxv85lst.css?dpl=dpl_GXCoozJG7pzoTrvyZBYHsi1KRB6w was preloaded using link preload but not used within a few seconds from the window's load event. Please make sure it has an appropriate `as` value and it is preloaded intentionally. @ https://vercel.com/new/import?s=https%3A%2F%2Fgithub.com%2Fgiliuta%2Fbabun2&root-directory=babun-crm%2Fapps%2Fweb&teamSlug=babun:0
[   65095ms] [WARNING] The resource https://vercel.com/_next/static/chunks/1dauoccxptplq.css?dpl=dpl_GXCoozJG7pzoTrvyZBYHsi1KRB6w was preloaded using link preload but not used within a few seconds from the window's load event. Please make sure it has an appropriate `as` value and it is preloaded intentionally. @ https://vercel.com/new/import?s=https%3A%2F%2Fgithub.com%2Fgiliuta%2Fbabun2&root-directory=babun-crm%2Fapps%2Fweb&teamSlug=babun:0
[   65095ms] [WARNING] The resource https://vercel.com/_next/static/chunks/2jah7ys_ll0uu.css?dpl=dpl_GXCoozJG7pzoTrvyZBYHsi1KRB6w was preloaded using link preload but not used within a few seconds from the window's load event. Please make sure it has an appropriate `as` value and it is preloaded intentionally. @ https://vercel.com/new/import?s=https%3A%2F%2Fgithub.com%2Fgiliuta%2Fbabun2&root-directory=babun-crm%2Fapps%2Fweb&teamSlug=babun:0
[   65095ms] [WARNING] The resource https://vercel.com/_next/static/chunks/15z6hqmqioxmw.css?dpl=dpl_GXCoozJG7pzoTrvyZBYHsi1KRB6w was preloaded using link preload but not used within a few seconds from the window's load event. Please make sure it has an appropriate `as` value and it is preloaded intentionally. @ https://vercel.com/new/import?s=https%3A%2F%2Fgithub.com%2Fgiliuta%2Fbabun2&root-directory=babun-crm%2Fapps%2Fweb&teamSlug=babun:0
[   65095ms] [WARNING] The resource https://vercel.com/_next/static/chunks/404kbaq145khw.css?dpl=dpl_GXCoozJG7pzoTrvyZBYHsi1KRB6w was preloaded using link preload but not used within a few seconds from the window's load event. Please make sure it has an appropriate `as` value and it is preloaded intentionally. @ https://vercel.com/new/import?s=https%3A%2F%2Fgithub.com%2Fgiliuta%2Fbabun2&root-directory=babun-crm%2Fapps%2Fweb&teamSlug=babun:0
[   75176ms] [WARNING] The resource https://vercel.com/_next/static/chunks/2-s_ri_e770gz.css?dpl=dpl_GXCoozJG7pzoTrvyZBYHsi1KRB6w was preloaded using link preload but not used within a few seconds from the window's load event. Please make sure it has an appropriate `as` value and it is preloaded intentionally. @ https://vercel.com/new/import?s=https%3A%2F%2Fgithub.com%2Fgiliuta%2Fbabun2&root-directory=babun-crm%2Fapps%2Fweb&teamSlug=babun:0
[   75176ms] [WARNING] The resource https://vercel.com/_next/static/chunks/0c36-mxv85lst.css?dpl=dpl_GXCoozJG7pzoTrvyZBYHsi1KRB6w was preloaded using link preload but not used within a few seconds from the window's load event. Please make sure it has an appropriate `as` value and it is preloaded intentionally. @ https://vercel.com/new/import?s=https%3A%2F%2Fgithub.com%2Fgiliuta%2Fbabun2&root-directory=babun-crm%2Fapps%2Fweb&teamSlug=babun:0
[   75176ms] [WARNING] The resource https://vercel.com/_next/static/chunks/1dauoccxptplq.css?dpl=dpl_GXCoozJG7pzoTrvyZBYHsi1KRB6w was preloaded using link preload but not used within a few seconds from the window's load event. Please make sure it has an appropriate `as` value and it is preloaded intentionally. @ https://vercel.com/new/import?s=https%3A%2F%2Fgithub.com%2Fgiliuta%2Fbabun2&root-directory=babun-crm%2Fapps%2Fweb&teamSlug=babun:0
[   75176ms] [WARNING] The resource https://vercel.com/_next/static/chunks/2jah7ys_ll0uu.css?dpl=dpl_GXCoozJG7pzoTrvyZBYHsi1KRB6w was preloaded using link preload but not used within a few seconds from the window's load event. Please make sure it has an appropriate `as` value and it is preloaded intentionally. @ https://vercel.com/new/import?s=https%3A%2F%2Fgithub.com%2Fgiliuta%2Fbabun2&root-directory=babun-crm%2Fapps%2Fweb&teamSlug=babun:0
[   75176ms] [WARNING] The resource https://vercel.com/_next/static/chunks/15z6hqmqioxmw.css?dpl=dpl_GXCoozJG7pzoTrvyZBYHsi1KRB6w was preloaded using link preload but not used within a few seconds from the window's load event. Please make sure it has an appropriate `as` value and it is preloaded intentionally. @ https://vercel.com/new/import?s=https%3A%2F%2Fgithub.com%2Fgiliuta%2Fbabun2&root-directory=babun-crm%2Fapps%2Fweb&teamSlug=babun:0
[   75176ms] [WARNING] The resource https://vercel.com/_next/static/chunks/404kbaq145khw.css?dpl=dpl_GXCoozJG7pzoTrvyZBYHsi1KRB6w was preloaded using link preload but not used within a few seconds from the window's load event. Please make sure it has an appropriate `as` value and it is preloaded intentionally. @ https://vercel.com/new/import?s=https%3A%2F%2Fgithub.com%2Fgiliuta%2Fbabun2&root-directory=babun-crm%2Fapps%2Fweb&teamSlug=babun:0
[  121357ms] [WARNING] The resource https://vercel.com/_next/static/chunks/2-s_ri_e770gz.css?dpl=dpl_GXCoozJG7pzoTrvyZBYHsi1KRB6w was preloaded using link preload but not used within a few seconds from the window's load event. Please make sure it has an appropriate `as` value and it is preloaded intentionally. @ https://vercel.com/new/import?s=https%3A%2F%2Fgithub.com%2Fgiliuta%2Fbabun2&root-directory=babun-crm%2Fapps%2Fweb&teamSlug=babun:0
[  121357ms] [WARNING] The resource https://vercel.com/_next/static/chunks/0c36-mxv85lst.css?dpl=dpl_GXCoozJG7pzoTrvyZBYHsi1KRB6w was preloaded using link preload but not used within a few seconds from the window's load event. Please make sure it has an appropriate `as` value and it is preloaded intentionally. @ https://vercel.com/new/import?s=https%3A%2F%2Fgithub.com%2Fgiliuta%2Fbabun2&root-directory=babun-crm%2Fapps%2Fweb&teamSlug=babun:0
[  121358ms] [WARNING] The resource https://vercel.com/_next/static/chunks/1dauoccxptplq.css?dpl=dpl_GXCoozJG7pzoTrvyZBYHsi1KRB6w was preloaded using link preload but not used within a few seconds from the window's load event. Please make sure it has an appropriate `as` value and it is preloaded intentionally. @ https://vercel.com/new/import?s=https%3A%2F%2Fgithub.com%2Fgiliuta%2Fbabun2&root-directory=babun-crm%2Fapps%2Fweb&teamSlug=babun:0
[  121358ms] [WARNING] The resource https://vercel.com/_next/static/chunks/2jah7ys_ll0uu.css?dpl=dpl_GXCoozJG7pzoTrvyZBYHsi1KRB6w was preloaded using link preload but not used within a few seconds from the window's load event. Please make sure it has an appropriate `as` value and it is preloaded intentionally. @ https://vercel.com/new/import?s=https%3A%2F%2Fgithub.com%2Fgiliuta%2Fbabun2&root-directory=babun-crm%2Fapps%2Fweb&teamSlug=babun:0
[  121358ms] [WARNING] The resource https://vercel.com/_next/static/chunks/15z6hqmqioxmw.css?dpl=dpl_GXCoozJG7pzoTrvyZBYHsi1KRB6w was preloaded using link preload but not used within a few seconds from the window's load event. Please make sure it has an appropriate `as` value and it is preloaded intentionally. @ https://vercel.com/new/import?s=https%3A%2F%2Fgithub.com%2Fgiliuta%2Fbabun2&root-directory=babun-crm%2Fapps%2Fweb&teamSlug=babun:0
[  121358ms] [WARNING] The resource https://vercel.com/_next/static/chunks/404kbaq145khw.css?dpl=dpl_GXCoozJG7pzoTrvyZBYHsi1KRB6w was preloaded using link preload but not used within a few seconds from the window's load event. Please make sure it has an appropriate `as` value and it is preloaded intentionally. @ https://vercel.com/new/import?s=https%3A%2F%2Fgithub.com%2Fgiliuta%2Fbabun2&root-directory=babun-crm%2Fapps%2Fweb&teamSlug=babun:0
[  152907ms] [WARNING] The resource https://vercel.com/_next/static/chunks/2-s_ri_e770gz.css?dpl=dpl_GXCoozJG7pzoTrvyZBYHsi1KRB6w was preloaded using link preload but not used within a few seconds from the window's load event. Please make sure it has an appropriate `as` value and it is preloaded intentionally. @ https://vercel.com/new/import?s=https%3A%2F%2Fgithub.com%2Fgiliuta%2Fbabun2&root-directory=babun-crm%2Fapps%2Fweb&teamSlug=babun:0
[  152908ms] [WARNING] The resource https://vercel.com/_next/static/chunks/0c36-mxv85lst.css?dpl=dpl_GXCoozJG7pzoTrvyZBYHsi1KRB6w was preloaded using link preload but not used within a few seconds from the window's load event. Please make sure it has an appropriate `as` value and it is preloaded intentionally. @ https://vercel.com/new/import?s=https%3A%2F%2Fgithub.com%2Fgiliuta%2Fbabun2&root-directory=babun-crm%2Fapps%2Fweb&teamSlug=babun:0
[  152908ms] [WARNING] The resource https://vercel.com/_next/static/chunks/1dauoccxptplq.css?dpl=dpl_GXCoozJG7pzoTrvyZBYHsi1KRB6w was preloaded using link preload but not used within a few seconds from the window's load event. Please make sure it has an appropriate `as` value and it is preloaded intentionally. @ https://vercel.com/new/import?s=https%3A%2F%2Fgithub.com%2Fgiliuta%2Fbabun2&root-directory=babun-crm%2Fapps%2Fweb&teamSlug=babun:0
[  152908ms] [WARNING] The resource https://vercel.com/_next/static/chunks/2jah7ys_ll0uu.css?dpl=dpl_GXCoozJG7pzoTrvyZBYHsi1KRB6w was preloaded using link preload but not used within a few seconds from the window's load event. Please make sure it has an appropriate `as` value and it is preloaded intentionally. @ https://vercel.com/new/import?s=https%3A%2F%2Fgithub.com%2Fgiliuta%2Fbabun2&root-directory=babun-crm%2Fapps%2Fweb&teamSlug=babun:0
[  152908ms] [WARNING] The resource https://vercel.com/_next/static/chunks/15z6hqmqioxmw.css?dpl=dpl_GXCoozJG7pzoTrvyZBYHsi1KRB6w was preloaded using link preload but not used within a few seconds from the window's load event. Please make sure it has an appropriate `as` value and it is preloaded intentionally. @ https://vercel.com/new/import?s=https%3A%2F%2Fgithub.com%2Fgiliuta%2Fbabun2&root-directory=babun-crm%2Fapps%2Fweb&teamSlug=babun:0
[  152908ms] [WARNING] The resource https://vercel.com/_next/static/chunks/404kbaq145khw.css?dpl=dpl_GXCoozJG7pzoTrvyZBYHsi1KRB6w was preloaded using link preload but not used within a few seconds from the window's load event. Please make sure it has an appropriate `as` value and it is preloaded intentionally. @ https://vercel.com/new/import?s=https%3A%2F%2Fgithub.com%2Fgiliuta%2Fbabun2&root-directory=babun-crm%2Fapps%2Fweb&teamSlug=babun:0
[  171605ms] [WARNING] The resource https://vercel.com/_next/static/chunks/2-s_ri_e770gz.css?dpl=dpl_GXCoozJG7pzoTrvyZBYHsi1KRB6w was preloaded using link preload but not used within a few seconds from the window's load event. Please make sure it has an appropriate `as` value and it is preloaded intentionally. @ https://vercel.com/new/import?s=https%3A%2F%2Fgithub.com%2Fgiliuta%2Fbabun2&root-directory=babun-crm%2Fapps%2Fweb&teamSlug=babun:0
[  171605ms] [WARNING] The resource https://vercel.com/_next/static/chunks/0c36-mxv85lst.css?dpl=dpl_GXCoozJG7pzoTrvyZBYHsi1KRB6w was preloaded using link preload but not used within a few seconds from the window's load event. Please make sure it has an appropriate `as` value and it is preloaded intentionally. @ https://vercel.com/new/import?s=https%3A%2F%2Fgithub.com%2Fgiliuta%2Fbabun2&root-directory=babun-crm%2Fapps%2Fweb&teamSlug=babun:0
[  171605ms] [WARNING] The resource https://vercel.com/_next/static/chunks/1dauoccxptplq.css?dpl=dpl_GXCoozJG7pzoTrvyZBYHsi1KRB6w was preloaded using link preload but not used within a few seconds from the window's load event. Please make sure it has an appropriate `as` value and it is preloaded intentionally. @ https://vercel.com/new/import?s=https%3A%2F%2Fgithub.com%2Fgiliuta%2Fbabun2&root-directory=babun-crm%2Fapps%2Fweb&teamSlug=babun:0
[  171605ms] [WARNING] The resource https://vercel.com/_next/static/chunks/2jah7ys_ll0uu.css?dpl=dpl_GXCoozJG7pzoTrvyZBYHsi1KRB6w was preloaded using link preload but not used within a few seconds from the window's load event. Please make sure it has an appropriate `as` value and it is preloaded intentionally. @ https://vercel.com/new/import?s=https%3A%2F%2Fgithub.com%2Fgiliuta%2Fbabun2&root-directory=babun-crm%2Fapps%2Fweb&teamSlug=babun:0
[  171605ms] [WARNING] The resource https://vercel.com/_next/static/chunks/15z6hqmqioxmw.css?dpl=dpl_GXCoozJG7pzoTrvyZBYHsi1KRB6w was preloaded using link preload but not used within a few seconds from the window's load event. Please make sure it has an appropriate `as` value and it is preloaded intentionally. @ https://vercel.com/new/import?s=https%3A%2F%2Fgithub.com%2Fgiliuta%2Fbabun2&root-directory=babun-crm%2Fapps%2Fweb&teamSlug=babun:0
[  171605ms] [WARNING] The resource https://vercel.com/_next/static/chunks/404kbaq145khw.css?dpl=dpl_GXCoozJG7pzoTrvyZBYHsi1KRB6w was preloaded using link preload but not used within a few seconds from the window's load event. Please make sure it has an appropriate `as` value and it is preloaded intentionally. @ https://vercel.com/new/import?s=https%3A%2F%2Fgithub.com%2Fgiliuta%2Fbabun2&root-directory=babun-crm%2Fapps%2Fweb&teamSlug=babun:0
[  186211ms] [WARNING] The resource https://vercel.com/_next/static/chunks/2-s_ri_e770gz.css?dpl=dpl_GXCoozJG7pzoTrvyZBYHsi1KRB6w was preloaded using link preload but not used within a few seconds from the window's load event. Please make sure it has an appropriate `as` value and it is preloaded intentionally. @ https://vercel.com/new/import?s=https%3A%2F%2Fgithub.com%2Fgiliuta%2Fbabun2&root-directory=babun-crm%2Fapps%2Fweb&teamSlug=babun:0
[  186212ms] [WARNING] The resource https://vercel.com/_next/static/chunks/0c36-mxv85lst.css?dpl=dpl_GXCoozJG7pzoTrvyZBYHsi1KRB6w was preloaded using link preload but not used within a few seconds from the window's load event. Please make sure it has an appropriate `as` value and it is preloaded intentionally. @ https://vercel.com/new/import?s=https%3A%2F%2Fgithub.com%2Fgiliuta%2Fbabun2&root-directory=babun-crm%2Fapps%2Fweb&teamSlug=babun:0
[  186212ms] [WARNING] The resource https://vercel.com/_next/static/chunks/1dauoccxptplq.css?dpl=dpl_GXCoozJG7pzoTrvyZBYHsi1KRB6w was preloaded using link preload but not used within a few seconds from the window's load event. Please make sure it has an appropriate `as` value and it is preloaded intentionally. @ https://vercel.com/new/import?s=https%3A%2F%2Fgithub.com%2Fgiliuta%2Fbabun2&root-directory=babun-crm%2Fapps%2Fweb&teamSlug=babun:0
[  186212ms] [WARNING] The resource https://vercel.com/_next/static/chunks/2jah7ys_ll0uu.css?dpl=dpl_GXCoozJG7pzoTrvyZBYHsi1KRB6w was preloaded using link preload but not used within a few seconds from the window's load event. Please make sure it has an appropriate `as` value and it is preloaded intentionally. @ https://vercel.com/new/import?s=https%3A%2F%2Fgithub.com%2Fgiliuta%2Fbabun2&root-directory=babun-crm%2Fapps%2Fweb&teamSlug=babun:0
[  186212ms] [WARNING] The resource https://vercel.com/_next/static/chunks/15z6hqmqioxmw.css?dpl=dpl_GXCoozJG7pzoTrvyZBYHsi1KRB6w was preloaded using link preload but not used within a few seconds from the window's load event. Please make sure it has an appropriate `as` value and it is preloaded intentionally. @ https://vercel.com/new/import?s=https%3A%2F%2Fgithub.com%2Fgiliuta%2Fbabun2&root-directory=babun-crm%2Fapps%2Fweb&teamSlug=babun:0
[  186212ms] [WARNING] The resource https://vercel.com/_next/static/chunks/404kbaq145khw.css?dpl=dpl_GXCoozJG7pzoTrvyZBYHsi1KRB6w was preloaded using link preload but not used within a few seconds from the window's load event. Please make sure it has an appropriate `as` value and it is preloaded intentionally. @ https://vercel.com/new/import?s=https%3A%2F%2Fgithub.com%2Fgiliuta%2Fbabun2&root-directory=babun-crm%2Fapps%2Fweb&teamSlug=babun:0
[  644489ms] [WARNING] The resource https://vercel.com/_next/static/chunks/2-s_ri_e770gz.css?dpl=dpl_GXCoozJG7pzoTrvyZBYHsi1KRB6w was preloaded using link preload but not used within a few seconds from the window's load event. Please make sure it has an appropriate `as` value and it is preloaded intentionally. @ https://vercel.com/new/import?s=https%3A%2F%2Fgithub.com%2Fgiliuta%2Fbabun2&root-directory=babun-crm%2Fapps%2Fweb&teamSlug=babun:0
[  644489ms] [WARNING] The resource https://vercel.com/_next/static/chunks/0c36-mxv85lst.css?dpl=dpl_GXCoozJG7pzoTrvyZBYHsi1KRB6w was preloaded using link preload but not used within a few seconds from the window's load event. Please make sure it has an appropriate `as` value and it is preloaded intentionally. @ https://vercel.com/new/import?s=https%3A%2F%2Fgithub.com%2Fgiliuta%2Fbabun2&root-directory=babun-crm%2Fapps%2Fweb&teamSlug=babun:0
[  644489ms] [WARNING] The resource https://vercel.com/_next/static/chunks/1dauoccxptplq.css?dpl=dpl_GXCoozJG7pzoTrvyZBYHsi1KRB6w was preloaded using link preload but not used within a few seconds from the window's load event. Please make sure it has an appropriate `as` value and it is preloaded intentionally. @ https://vercel.com/new/import?s=https%3A%2F%2Fgithub.com%2Fgiliuta%2Fbabun2&root-directory=babun-crm%2Fapps%2Fweb&teamSlug=babun:0
[  644489ms] [WARNING] The resource https://vercel.com/_next/static/chunks/2jah7ys_ll0uu.css?dpl=dpl_GXCoozJG7pzoTrvyZBYHsi1KRB6w was preloaded using link preload but not used within a few seconds from the window's load event. Please make sure it has an appropriate `as` value and it is preloaded intentionally. @ https://vercel.com/new/import?s=https%3A%2F%2Fgithub.com%2Fgiliuta%2Fbabun2&root-directory=babun-crm%2Fapps%2Fweb&teamSlug=babun:0
[  644489ms] [WARNING] The resource https://vercel.com/_next/static/chunks/15z6hqmqioxmw.css?dpl=dpl_GXCoozJG7pzoTrvyZBYHsi1KRB6w was preloaded using link preload but not used within a few seconds from the window's load event. Please make sure it has an appropriate `as` value and it is preloaded intentionally. @ https://vercel.com/new/import?s=https%3A%2F%2Fgithub.com%2Fgiliuta%2Fbabun2&root-directory=babun-crm%2Fapps%2Fweb&teamSlug=babun:0
[  644489ms] [WARNING] The resource https://vercel.com/_next/static/chunks/404kbaq145khw.css?dpl=dpl_GXCoozJG7pzoTrvyZBYHsi1KRB6w was preloaded using link preload but not used within a few seconds from the window's load event. Please make sure it has an appropriate `as` value and it is preloaded intentionally. @ https://vercel.com/new/import?s=https%3A%2F%2Fgithub.com%2Fgiliuta%2Fbabun2&root-directory=babun-crm%2Fapps%2Fweb&teamSlug=babun:0
